<?xml version="1.0" encoding="UTF-8"?>
<testng-results ignored="0" total="1" passed="1" failed="0" skipped="0">
  <reporter-output>
  </reporter-output>
  <suite started-at="2024-03-21T07:59:20 IST" name="Default suite" finished-at="2024-03-21T07:59:37 IST" duration-ms="17088">
    <groups>
    </groups>
    <test started-at="2024-03-21T07:59:20 IST" name="Default test" finished-at="2024-03-21T07:59:37 IST" duration-ms="17088">
      <class name="tests.testXpertHRPlatform">
        <test-method signature="testXpertHRPlatformSearch()[pri:0, instance:tests.testXpertHRPlatform@32ee6fee]" started-at="2024-03-21T07:59:20 IST" name="testXpertHRPlatformSearch" finished-at="2024-03-21T07:59:37 IST" duration-ms="17041" status="PASS">
          <reporter-output>
          </reporter-output>
        </test-method> <!-- testXpertHRPlatformSearch -->
      </class> <!-- tests.testXpertHRPlatform -->
    </test> <!-- Default test -->
  </suite> <!-- Default suite -->
</testng-results>
